<?xml version="1.0" encoding="UTF-8"?>
<!-- Generated by org.testng.reporters.JUnitReportReporter -->
<testsuite hostname="DESKTOP-42HDP9K" name="scp.selenium.sample2.Log4J" tests="2" failures="0" timestamp="31 Jan 2019 11:44:18 GMT" time="48.514" errors="0">
  <testcase name="freeCRMTitle" time="14.624" classname="scp.selenium.sample2.Log4J"/>
  <testcase name="freeCRMLogo" time="33.890" classname="scp.selenium.sample2.Log4J"/>
</testsuite> <!-- scp.selenium.sample2.Log4J -->
