<?xml version="1.0" encoding="UTF-8"?>
<!-- Generated by org.testng.reporters.JUnitReportReporter -->
<testsuite hostname="idea-PC" name="scp.selenium.sample2.AutoIT" tests="1" failures="0" timestamp="12 Mar 2019 09:45:00 GMT" time="3.654" errors="0">
  <testcase name="uploadFile" time="3.654" classname="scp.selenium.sample2.AutoIT"/>
</testsuite> <!-- scp.selenium.sample2.AutoIT -->
