<?xml version="1.0" encoding="UTF-8"?>
<!-- Generated by org.testng.reporters.JUnitReportReporter -->
<testsuite hostname="idea-PC" name="practice.TwoDimentionalArray" tests="3" failures="0" timestamp="5 Mar 2019 08:42:34 GMT" time="0.031" errors="0">
  <testcase name="getdata" time="0.031" classname="practice.TwoDimentionalArray"/>
  <testcase name="getdata" time="0.000" classname="practice.TwoDimentionalArray"/>
  <testcase name="getdata" time="0.000" classname="practice.TwoDimentionalArray"/>
</testsuite> <!-- practice.TwoDimentionalArray -->
