<?xml version="1.0" encoding="UTF-8"?>
<!-- Generated by org.testng.reporters.JUnitReportReporter -->
<testsuite hostname="idea-PC" name="scp.selenium.sample2.XPath" tests="1" failures="0" timestamp="18 Mar 2019 06:16:29 GMT" time="63.183" errors="0">
  <testcase name="xpath" time="63.183" classname="scp.selenium.sample2.XPath"/>
</testsuite> <!-- scp.selenium.sample2.XPath -->
