<?xml version="1.0" encoding="UTF-8"?>
<!-- Generated by org.testng.reporters.JUnitReportReporter -->
<testsuite hostname="DESKTOP-42HDP9K" name="restapi.GetData" tests="1" failures="0" timestamp="20 Jan 2019 07:03:59 GMT" time="10.209" errors="0">
  <testcase name="testResponceCode" time="10.209" classname="restapi.GetData"/>
</testsuite> <!-- restapi.GetData -->
