<?xml version="1.0" encoding="UTF-8"?>
<!-- Generated by org.testng.reporters.JUnitReportReporter -->
<testsuite hostname="idea-PC" name="scp.selenium.sample2.SnapShot" tests="1" failures="0" timestamp="7 Sep 2018 12:10:41 GMT" time="39.877" errors="0">
  <testcase name="takeSbapShot" time="39.877" classname="scp.selenium.sample2.SnapShot"/>
</testsuite> <!-- scp.selenium.sample2.SnapShot -->
