<?xml version="1.0" encoding="UTF-8"?>
<!-- Generated by org.testng.reporters.JUnitReportReporter -->
<testsuite hostname="DESKTOP-42HDP9K" name="scp.selenium.sample2.TwoDimentionalArray" tests="4" failures="0" timestamp="23 Jan 2019 04:13:10 GMT" time="0.074" errors="0">
  <testcase name="verifyUserLoginCrentials" time="0.001" classname="scp.selenium.sample2.TwoDimentionalArray"/>
  <testcase name="verifyUserLoginCrentials" time="0.011" classname="scp.selenium.sample2.TwoDimentionalArray"/>
  <testcase name="verifyUserLoginCrentials" time="0.032" classname="scp.selenium.sample2.TwoDimentionalArray"/>
  <testcase name="verifyUserLoginCrentials" time="0.030" classname="scp.selenium.sample2.TwoDimentionalArray"/>
</testsuite> <!-- scp.selenium.sample2.TwoDimentionalArray -->
