<?xml version="1.0" encoding="UTF-8"?>
<!-- Generated by org.testng.reporters.JUnitReportReporter -->
<testsuite hostname="idea-PC" name="restapi.Sample" tests="1" failures="0" timestamp="16 Apr 2019 03:45:42 GMT" time="3.172" errors="0">
  <testcase name="getData" time="3.172" classname="restapi.Sample"/>
</testsuite> <!-- restapi.Sample -->
