<?xml version="1.0" encoding="UTF-8"?>
<!-- Generated by org.testng.reporters.JUnitReportReporter -->
<testsuite hostname="DESKTOP-42HDP9K" name="scp.selenium.sample2.ReadPropertyFile" tests="1" failures="0" timestamp="24 Jan 2019 12:43:47 GMT" time="0.041" errors="0">
  <testcase name="setProperty" time="0.041" classname="scp.selenium.sample2.ReadPropertyFile"/>
</testsuite> <!-- scp.selenium.sample2.ReadPropertyFile -->
