<?xml version="1.0" encoding="UTF-8"?>
<!-- Generated by org.testng.reporters.JUnitReportReporter -->
<testsuite hostname="idea-PC" name="rest.Samp" tests="1" failures="0" timestamp="16 Apr 2019 05:16:44 GMT" time="1.831" errors="0">
  <testcase name="main" time="1.831" classname="rest.Samp"/>
</testsuite> <!-- rest.Samp -->
