<?xml version="1.0" encoding="UTF-8"?>
<!-- Generated by org.testng.reporters.JUnitReportReporter -->
<testsuite hostname="DESKTOP-42HDP9K" name="restapi.Delete" tests="1" failures="0" timestamp="20 Jan 2019 07:03:59 GMT" time="0.956" errors="0">
  <testcase name="deleteData" time="0.956" classname="restapi.Delete"/>
</testsuite> <!-- restapi.Delete -->
