<?xml version="1.0" encoding="UTF-8"?>
<!-- Generated by org.testng.reporters.JUnitReportReporter -->
<testsuite hostname="DESKTOP-42HDP9K" name="scp.selenium.sample2.DynamicTable" tests="3" failures="0" timestamp="20 Jan 2019 07:03:59 GMT" time="18.737" errors="0">
  <testcase name="rows" time="0.094" classname="scp.selenium.sample2.DynamicTable"/>
  <testcase name="Columns" time="0.258" classname="scp.selenium.sample2.DynamicTable"/>
  <testcase name="table" time="18.385" classname="scp.selenium.sample2.DynamicTable"/>
</testsuite> <!-- scp.selenium.sample2.DynamicTable -->
