<?xml version="1.0" encoding="UTF-8"?>
<!-- Generated by org.testng.reporters.JUnitReportReporter -->
<testsuite hostname="DESKTOP-42HDP9K" name="practice.TwoDimentionalArray" tests="4" failures="0" timestamp="4 Feb 2019 10:01:07 GMT" time="0.057" errors="0">
  <testcase name="getdata" time="0.000" classname="practice.TwoDimentionalArray"/>
  <testcase name="getdata" time="0.000" classname="practice.TwoDimentionalArray"/>
  <testcase name="getdata" time="0.016" classname="practice.TwoDimentionalArray"/>
  <testcase name="getdata" time="0.041" classname="practice.TwoDimentionalArray"/>
</testsuite> <!-- practice.TwoDimentionalArray -->
