<?xml version="1.0" encoding="UTF-8"?>
<!-- Generated by org.testng.reporters.JUnitReportReporter -->
<testsuite hostname="idea-PC" name="com.scp.orange.hrm.login.OrangeHRMLoginTest" tests="2" failures="0" timestamp="6 Oct 2018 06:26:53 GMT" time="28.203" errors="0">
  <testcase name="verifyUserLoginCredentials" time="10.599" classname="com.scp.orange.hrm.login.OrangeHRMLoginTest"/>
  <testcase name="verifyUserLoginCredentials" time="17.604" classname="com.scp.orange.hrm.login.OrangeHRMLoginTest"/>
</testsuite> <!-- com.scp.orange.hrm.login.OrangeHRMLoginTest -->
