<?xml version="1.0" encoding="UTF-8"?>
<!-- Generated by org.testng.reporters.JUnitReportReporter -->
<testsuite hostname="idea-PC" name="com.scp.RestAPI" tests="1" failures="0" timestamp="16 Sep 2018 12:52:47 GMT" time="2.983" errors="0">
  <testcase name="getData" time="2.983" classname="com.scp.RestAPI"/>
</testsuite> <!-- com.scp.RestAPI -->
