<?xml version="1.0" encoding="UTF-8"?>
<!-- Generated by org.testng.reporters.JUnitReportReporter -->
<testsuite hostname="idea-PC" name="com.scp.orange.hrm.login.OrangeHRMLoginTest" tests="2" failures="0" timestamp="17 Sep 2018 08:18:58 GMT" time="30.734" errors="0">
  <testcase name="verifyUserLoginCredentials" time="11.024" classname="com.scp.orange.hrm.login.OrangeHRMLoginTest"/>
  <testcase name="verifyUserLoginCredentials" time="19.710" classname="com.scp.orange.hrm.login.OrangeHRMLoginTest"/>
</testsuite> <!-- com.scp.orange.hrm.login.OrangeHRMLoginTest -->
