<?xml version="1.0" encoding="UTF-8"?>
<!-- Generated by org.testng.reporters.JUnitReportReporter -->
<testsuite hostname="idea-PC" name="com.scp.orange.hrm.login.OrangeHRMLoginTest" tests="2" failures="0" timestamp="3 Sep 2018 04:13:33 GMT" time="22.576" errors="0">
  <testcase name="verifyUserLoginCredentials" time="14.543" classname="com.scp.orange.hrm.login.OrangeHRMLoginTest"/>
  <testcase name="verifyUserLoginCredentials" time="8.033" classname="com.scp.orange.hrm.login.OrangeHRMLoginTest"/>
</testsuite> <!-- com.scp.orange.hrm.login.OrangeHRMLoginTest -->
