<?xml version="1.0" encoding="UTF-8"?>
<!-- Generated by org.testng.reporters.JUnitReportReporter -->
<testsuite skipped="0" hostname="DESKTOP-42HDP9K" name="scp.sel.sample.selenium.Sample" tests="1" failures="0" timestamp="25 Dec 2018 03:59:03 GMT" time="1.296" errors="0">
  <testcase name="m1" time="1.296" classname="scp.sel.sample.selenium.Sample"/>
</testsuite> <!-- scp.sel.sample.selenium.Sample -->
