<?xml version="1.0" encoding="UTF-8"?>
<!-- Generated by org.testng.reporters.JUnitReportReporter -->
<testsuite hostname="idea-PC" name="scp.restapi.Delete" tests="1" failures="0" timestamp="9 Oct 2018 06:53:42 GMT" time="1.424" errors="0">
  <testcase name="put" time="1.424" classname="scp.restapi.Delete"/>
</testsuite> <!-- scp.restapi.Delete -->
