<?xml version="1.0" encoding="UTF-8"?>
<!-- Generated by org.testng.reporters.JUnitReportReporter -->
<testsuite hostname="idea-PC" name="scp.restapi.GetData" tests="1" failures="0" timestamp="9 Oct 2018 05:54:50 GMT" time="3.232" errors="0">
  <testcase name="testResponceCode" time="3.232" classname="scp.restapi.GetData"/>
</testsuite> <!-- scp.restapi.GetData -->
