<?xml version="1.0" encoding="UTF-8"?>
<!-- Generated by org.testng.reporters.JUnitReportReporter -->
<testsuite hostname="idea-PC" name="scp.restapi.PostDeletePut" tests="1" failures="0" timestamp="9 Oct 2018 06:44:03 GMT" time="1.397" errors="0">
  <testcase name="test1" time="1.397" classname="scp.restapi.PostDeletePut"/>
</testsuite> <!-- scp.restapi.PostDeletePut -->
