<?xml version="1.0" encoding="UTF-8"?>
<!-- Generated by org.testng.reporters.JUnitReportReporter -->
<testsuite hostname="idea-PC" name="scp.selenium.package1.Annotations" tests="2" failures="0" timestamp="7 Dec 2018 06:07:10 GMT" time="0.010" errors="0">
  <testcase name="test" time="0.007" classname="scp.selenium.package1.Annotations"/>
  <testcase name="test2" time="0.003" classname="scp.selenium.package1.Annotations"/>
</testsuite> <!-- scp.selenium.package1.Annotations -->
