<?xml version="1.0" encoding="UTF-8"?>
<!-- Generated by org.testng.reporters.JUnitReportReporter -->
<testsuite hostname="idea-PC" name="scp.selenium.Selenium2.PQR" tests="4" failures="0" timestamp="11 Sep 2018 06:51:40 GMT" time="0.028" errors="0">
  <testcase name="M3" time="0.004" classname="scp.selenium.Selenium2.PQR"/>
  <testcase name="M4" time="0.008" classname="scp.selenium.Selenium2.PQR"/>
  <testcase name="M2" time="0.004" classname="scp.selenium.Selenium2.PQR"/>
  <testcase name="M1" time="0.012" classname="scp.selenium.Selenium2.PQR"/>
</testsuite> <!-- scp.selenium.Selenium2.PQR -->
