<?xml version="1.0" encoding="UTF-8"?>
<!-- Generated by org.testng.reporters.JUnitReportReporter -->
<testsuite hostname="idea-PC" name="scp.selenium.package1.Facebook" tests="3" failures="0" timestamp="7 Oct 2018 06:59:54 GMT" time="15.960" errors="0">
  <testcase name="firstName" time="5.372" classname="scp.selenium.package1.Facebook"/>
  <testcase name="mobile" time="5.273" classname="scp.selenium.package1.Facebook"/>
  <testcase name="lastName" time="5.315" classname="scp.selenium.package1.Facebook"/>
</testsuite> <!-- scp.selenium.package1.Facebook -->
