<?xml version="1.0" encoding="UTF-8"?>
<!-- Generated by org.testng.reporters.JUnitReportReporter -->
<testsuite hostname="idea-PC" name="scp.selenium.package1.parallel" tests="4" failures="0" timestamp="7 Dec 2018 06:21:05 GMT" time="0.061" errors="0">
  <testcase name="m3" time="0.024" classname="scp.selenium.package1.parallel"/>
  <testcase name="m2" time="0.017" classname="scp.selenium.package1.parallel"/>
  <testcase name="m4" time="0.009" classname="scp.selenium.package1.parallel"/>
  <testcase name="m1" time="0.011" classname="scp.selenium.package1.parallel"/>
</testsuite> <!-- scp.selenium.package1.parallel -->
