<?xml version="1.0" encoding="UTF-8"?>
<!-- Generated by org.testng.reporters.JUnitReportReporter -->
<testsuite hostname="idea-PC" name="scp.selenium.Selenium2.ABC" tests="4" failures="0" timestamp="11 Sep 2018 06:51:40 GMT" time="0.068" errors="0">
  <testcase name="m3" time="0.004" classname="scp.selenium.Selenium2.ABC"/>
  <testcase name="m1" time="0.028" classname="scp.selenium.Selenium2.ABC"/>
  <testcase name="m4" time="0.008" classname="scp.selenium.Selenium2.ABC"/>
  <testcase name="m2" time="0.028" classname="scp.selenium.Selenium2.ABC"/>
</testsuite> <!-- scp.selenium.Selenium2.ABC -->
