<?xml version="1.0" encoding="UTF-8"?>
<!-- Generated by org.testng.reporters.JUnitReportReporter -->
<testsuite hostname="idea-PC" name="scp.selenium.package1.Parallel1" tests="4" failures="0" timestamp="7 Dec 2018 06:21:05 GMT" time="0.059" errors="0">
  <testcase name="m4" time="0.005" classname="scp.selenium.package1.Parallel1"/>
  <testcase name="m3" time="0.003" classname="scp.selenium.package1.Parallel1"/>
  <testcase name="m1" time="0.029" classname="scp.selenium.package1.Parallel1"/>
  <testcase name="m2" time="0.022" classname="scp.selenium.package1.Parallel1"/>
</testsuite> <!-- scp.selenium.package1.Parallel1 -->
