<?xml version="1.0" encoding="UTF-8"?>
<!-- Generated by org.testng.reporters.JUnitReportReporter -->
<testsuite hostname="DESKTOP-42HDP9K" name="scp.selenium.package1.Grouping" tests="3" failures="0" timestamp="16 Jan 2019 05:34:09 GMT" time="0.205" errors="0">
  <testcase name="scooterCar" time="0.002" classname="scp.selenium.package1.Grouping"/>
  <testcase name="scooter1" time="0.200" classname="scp.selenium.package1.Grouping"/>
  <testcase name="scooter2" time="0.003" classname="scp.selenium.package1.Grouping"/>
</testsuite> <!-- scp.selenium.package1.Grouping -->
