<?xml version="1.0" encoding="UTF-8"?>
<!-- Generated by org.testng.reporters.JUnitReportReporter -->
<testsuite hostname="idea-PC" name="scp.selenium.package1.Annotations" tests="2" failures="0" timestamp="12 Mar 2019 06:30:38 GMT" time="0.016" errors="0">
  <testcase name="test" time="0.016" classname="scp.selenium.package1.Annotations"/>
  <testcase name="test2" time="0.000" classname="scp.selenium.package1.Annotations"/>
</testsuite> <!-- scp.selenium.package1.Annotations -->
