<?xml version="1.0" encoding="UTF-8"?>
<!-- Generated by org.testng.reporters.JUnitReportReporter -->
<testsuite hostname="idea-PC" name="scp.selenium.Selenium2.A" tests="2" failures="0" timestamp="7 Dec 2018 06:21:05 GMT" time="0.005" errors="0">
  <testcase name="test" time="0.001" classname="scp.selenium.Selenium2.A"/>
  <testcase name="test2" time="0.004" classname="scp.selenium.Selenium2.A"/>
</testsuite> <!-- scp.selenium.Selenium2.A -->
