<?xml version="1.0" encoding="UTF-8"?>
<!-- Generated by org.testng.reporters.JUnitReportReporter -->
<testsuite hostname="idea-PC" name="scp.selenium.package1.Naukri" tests="4" failures="0" timestamp="11 Sep 2018 06:02:12 GMT" time="5.585" errors="0">
  <testcase name="firstName" time="0.159" classname="scp.selenium.package1.Naukri"/>
  <testcase name="email" time="0.337" classname="scp.selenium.package1.Naukri"/>
  <testcase name="facebook" time="0.006" classname="scp.selenium.package1.Naukri"/>
  <testcase name="fresher" time="5.083" classname="scp.selenium.package1.Naukri"/>
</testsuite> <!-- scp.selenium.package1.Naukri -->
