<?xml version="1.0" encoding="UTF-8"?>
<!-- Generated by org.testng.reporters.JUnitReportReporter -->
<testsuite hostname="idea-PC" name="scp.selenium.package1.CrossBrowser" tests="2" failures="0" timestamp="25 Sep 2018 14:29:56 GMT" time="5.927" errors="0">
  <testcase name="firstName" time="3.734" classname="scp.selenium.package1.CrossBrowser"/>
  <testcase name="firstName" time="2.193" classname="scp.selenium.package1.CrossBrowser"/>
</testsuite> <!-- scp.selenium.package1.CrossBrowser -->
