<?xml version="1.0" encoding="UTF-8"?>
<!-- Generated by org.testng.reporters.JUnitReportReporter -->
<testsuite hostname="idea-PC" name="scp.selenium.seleniumMeven.OrangeHrmLoginTest" tests="2" failures="0" timestamp="3 Sep 2018 04:11:02 GMT" time="23.916" errors="1">
  <testcase name="verifyUserLoginCrentials" time="15.072" classname="scp.selenium.seleniumMeven.OrangeHrmLoginTest">
    <error type="junit.framework.AssertionFailedError" message="Driver is not initilized..initilize first..then get it...!">
      <![CDATA[junit.framework.AssertionFailedError: Driver is not initilized..initilize first..then get it...!
	at junit.framework.Assert.fail(Assert.java:47)
	at scp.selenium.seleniumMeven.AppUtil.getWebdriver(AppUtil.java:28)
	at scp.web.pageobject.OrangeHrmLogin.clickLoginWithSuccess(OrangeHrmLogin.java:34)
	at scp.selenium.seleniumMeven.OrangeHrmLoginTest.verifyUserLoginCrentials(OrangeHrmLoginTest.java:36)
	at sun.reflect.NativeMethodAccessorImpl.invoke0(Native Method)
	at sun.reflect.NativeMethodAccessorImpl.invoke(Unknown Source)
	at sun.reflect.DelegatingMethodAccessorImpl.invoke(Unknown Source)
	at java.lang.reflect.Method.invoke(Unknown Source)
	at org.testng.internal.MethodInvocationHelper.invokeMethod(MethodInvocationHelper.java:86)
	at org.testng.internal.Invoker.invokeMethod(Invoker.java:643)
	at org.testng.internal.Invoker.invokeTestMethod(Invoker.java:820)
	at org.testng.internal.Invoker.invokeTestMethods(Invoker.java:1128)
	at org.testng.internal.TestMethodWorker.invokeTestMethods(TestMethodWorker.java:129)
	at org.testng.internal.TestMethodWorker.run(TestMethodWorker.java:112)
	at org.testng.TestRunner.privateRun(TestRunner.java:782)
	at org.testng.TestRunner.run(TestRunner.java:632)
	at org.testng.SuiteRunner.runTest(SuiteRunner.java:366)
	at org.testng.SuiteRunner.runSequentially(SuiteRunner.java:361)
	at org.testng.SuiteRunner.privateRun(SuiteRunner.java:319)
	at org.testng.SuiteRunner.run(SuiteRunner.java:268)
	at org.testng.SuiteRunnerWorker.runSuite(SuiteRunnerWorker.java:52)
	at org.testng.SuiteRunnerWorker.run(SuiteRunnerWorker.java:86)
	at org.testng.TestNG.runSuitesSequentially(TestNG.java:1244)
	at org.testng.TestNG.runSuitesLocally(TestNG.java:1169)
	at org.testng.TestNG.run(TestNG.java:1064)
	at org.testng.remote.AbstractRemoteTestNG.run(AbstractRemoteTestNG.java:114)
	at org.testng.remote.RemoteTestNG.initAndRun(RemoteTestNG.java:251)
	at org.testng.remote.RemoteTestNG.main(RemoteTestNG.java:77)
]]>
    </error>
  </testcase> <!-- verifyUserLoginCrentials -->
  <testcase name="verifyUserLoginCrentials" time="8.844" classname="scp.selenium.seleniumMeven.OrangeHrmLoginTest"/>
</testsuite> <!-- scp.selenium.seleniumMeven.OrangeHrmLoginTest -->
