<?xml version="1.0" encoding="UTF-8"?>
<!-- Generated by org.testng.reporters.JUnitReportReporter -->
<testsuite hostname="idea-PC" name="scp.selenium.seleniumMeven.Atest" tests="6" failures="0" timestamp="11 Sep 2018 04:16:14 GMT" time="0.024" errors="0">
  <testcase name="B" time="0.012" classname="scp.selenium.seleniumMeven.Atest"/>
  <testcase name="E" time="0.003" classname="scp.selenium.seleniumMeven.Atest"/>
  <testcase name="C" time="0.004" classname="scp.selenium.seleniumMeven.Atest"/>
  <testcase name="F" time="0.002" classname="scp.selenium.seleniumMeven.Atest"/>
  <testcase name="D" time="0.001" classname="scp.selenium.seleniumMeven.Atest"/>
  <testcase name="A" time="0.002" classname="scp.selenium.seleniumMeven.Atest"/>
</testsuite> <!-- scp.selenium.seleniumMeven.Atest -->
